<?xml version="1.0" encoding="UTF-8"?>
<testng-results skipped="0" failed="0" ignored="0" total="1" passed="1">
  <reporter-output>
  </reporter-output>
  <suite name="Command line suite" duration-ms="8" started-at="2018-12-31T18:17:47Z" finished-at="2018-12-31T18:17:47Z">
    <groups>
    </groups>
    <test name="Command line test" duration-ms="8" started-at="2018-12-31T18:17:47Z" finished-at="2018-12-31T18:17:47Z">
      <class name="lenkart.lenskart.AppTest">
        <test-method status="PASS" signature="testApp()[pri:0, instance:testApp(lenkart.lenskart.AppTest)]" name="testApp" duration-ms="1" started-at="2018-12-31T18:17:47Z" finished-at="2018-12-31T18:17:47Z">
          <reporter-output>
          </reporter-output>
        </test-method> <!-- testApp -->
      </class> <!-- lenkart.lenskart.AppTest -->
    </test> <!-- Command line test -->
  </suite> <!-- Command line suite -->
</testng-results>
