<?xml version="1.0" encoding="UTF-8"?>
<testng-results skipped="0" failed="1" ignored="0" total="6" passed="5">
  <reporter-output>
  </reporter-output>
  <suite name="Command line suite" duration-ms="1474" started-at="2018-12-31T18:17:35Z" finished-at="2018-12-31T18:17:37Z">
    <groups>
      <group name="checkintest">
        <method signature="Testngsample.checkintest()[pri:0, instance:lenkart.lenskart.Testngsample@47f6473]" name="checkintest" class="lenkart.lenskart.Testngsample"/>
      </group> <!-- checkintest -->
      <group name="functest">
        <method signature="Testngsample.functionaltest()[pri:0, instance:lenkart.lenskart.Testngsample@47f6473]" name="functionaltest" class="lenkart.lenskart.Testngsample"/>
      </group> <!-- functest -->
    </groups>
    <test name="Command line test" duration-ms="1474" started-at="2018-12-31T18:17:35Z" finished-at="2018-12-31T18:17:37Z">
      <class name="lenkart.lenskart.Testngsample">
        <test-method status="PASS" signature="printtestdetails()[pri:0, instance:lenkart.lenskart.Testngsample@47f6473]" name="printtestdetails" is-config="true" duration-ms="11" started-at="2018-12-31T18:17:35Z" finished-at="2018-12-31T18:17:35Z">
          <reporter-output>
          </reporter-output>
        </test-method> <!-- printtestdetails -->
        <test-method status="PASS" signature="beforetest()[pri:0, instance:lenkart.lenskart.Testngsample@47f6473]" name="beforetest" is-config="true" duration-ms="0" started-at="2018-12-31T18:17:35Z" finished-at="2018-12-31T18:17:35Z">
          <reporter-output>
          </reporter-output>
        </test-method> <!-- beforetest -->
        <test-method status="PASS" signature="readingfrompropertiesfile()[pri:0, instance:lenkart.lenskart.Testngsample@47f6473]" name="readingfrompropertiesfile" is-config="true" duration-ms="1" started-at="2018-12-31T18:17:35Z" finished-at="2018-12-31T18:17:35Z">
          <reporter-output>
          </reporter-output>
        </test-method> <!-- readingfrompropertiesfile -->
        <test-method status="PASS" signature="beforemethod()[pri:0, instance:lenkart.lenskart.Testngsample@47f6473]" name="beforemethod" is-config="true" duration-ms="1" started-at="2018-12-31T18:17:35Z" finished-at="2018-12-31T18:17:35Z">
          <reporter-output>
          </reporter-output>
        </test-method> <!-- beforemethod -->
        <test-method status="PASS" signature="add(int, int)[pri:0, instance:lenkart.lenskart.Testngsample@47f6473]" name="add" duration-ms="1" started-at="2018-12-31T18:17:35Z" data-provider="valuestoadd" finished-at="2018-12-31T18:17:35Z">
          <params>
            <param index="0">
              <value>
                <![CDATA[1]]>
              </value>
            </param>
            <param index="1">
              <value>
                <![CDATA[2]]>
              </value>
            </param>
          </params>
          <reporter-output>
          </reporter-output>
        </test-method> <!-- add -->
        <test-method status="PASS" signature="checkintest()[pri:0, instance:lenkart.lenskart.Testngsample@47f6473]" name="checkintest" duration-ms="0" started-at="2018-12-31T18:17:35Z" finished-at="2018-12-31T18:17:35Z">
          <reporter-output>
          </reporter-output>
        </test-method> <!-- checkintest -->
        <test-method status="PASS" signature="beforemethod()[pri:0, instance:lenkart.lenskart.Testngsample@47f6473]" name="beforemethod" is-config="true" duration-ms="0" started-at="2018-12-31T18:17:35Z" finished-at="2018-12-31T18:17:35Z">
          <reporter-output>
          </reporter-output>
        </test-method> <!-- beforemethod -->
        <test-method status="FAIL" signature="checkpropertiesfile(java.lang.String)[pri:0, instance:lenkart.lenskart.Testngsample@47f6473]" name="checkpropertiesfile" duration-ms="0" started-at="2018-12-31T18:17:35Z" finished-at="2018-12-31T18:17:35Z">
          <exception class="org.testng.TestNGException">
            <message>
              <![CDATA[
Parameter 'name' is required by @Test on method checkpropertiesfile but has not been marked @Optional or defined
]]>
            </message>
            <full-stacktrace>
              <![CDATA[org.testng.TestNGException: 
Parameter 'name' is required by @Test on method checkpropertiesfile but has not been marked @Optional or defined

at org.testng.internal.Parameters.createParams(Parameters.java:290)
at org.testng.internal.Parameters.createParametersForMethod(Parameters.java:359)
at org.testng.internal.Parameters.createParameters(Parameters.java:620)
at org.testng.internal.Parameters.handleParameters(Parameters.java:769)
at org.testng.internal.ParameterHandler.handleParameters(ParameterHandler.java:49)
at org.testng.internal.ParameterHandler.createParameters(ParameterHandler.java:37)
at org.testng.internal.Invoker.invokeTestMethods(Invoker.java:924)
at org.testng.internal.TestMethodWorker.invokeTestMethods(TestMethodWorker.java:125)
at org.testng.internal.TestMethodWorker.run(TestMethodWorker.java:109)
at org.testng.TestRunner.privateRun(TestRunner.java:648)
at org.testng.TestRunner.run(TestRunner.java:505)
at org.testng.SuiteRunner.runTest(SuiteRunner.java:455)
at org.testng.SuiteRunner.runSequentially(SuiteRunner.java:450)
at org.testng.SuiteRunner.privateRun(SuiteRunner.java:415)
at org.testng.SuiteRunner.run(SuiteRunner.java:364)
at org.testng.SuiteRunnerWorker.runSuite(SuiteRunnerWorker.java:52)
at org.testng.SuiteRunnerWorker.run(SuiteRunnerWorker.java:84)
at org.testng.TestNG.runSuitesSequentially(TestNG.java:1208)
at org.testng.TestNG.runSuitesLocally(TestNG.java:1137)
at org.testng.TestNG.runSuites(TestNG.java:1049)
at org.testng.TestNG.run(TestNG.java:1017)
at org.apache.maven.surefire.testng.TestNGExecutor.run(TestNGExecutor.java:77)
at org.apache.maven.surefire.testng.TestNGDirectoryTestSuite.executeMulti(TestNGDirectoryTestSuite.java:159)
at org.apache.maven.surefire.testng.TestNGDirectoryTestSuite.execute(TestNGDirectoryTestSuite.java:99)
at org.apache.maven.surefire.testng.TestNGProvider.invoke(TestNGProvider.java:106)
at sun.reflect.NativeMethodAccessorImpl.invoke0(Native Method)
at sun.reflect.NativeMethodAccessorImpl.invoke(NativeMethodAccessorImpl.java:62)
at sun.reflect.DelegatingMethodAccessorImpl.invoke(DelegatingMethodAccessorImpl.java:43)
at java.lang.reflect.Method.invoke(Method.java:498)
at org.apache.maven.surefire.util.ReflectionUtils.invokeMethodWithArray(ReflectionUtils.java:189)
at org.apache.maven.surefire.booter.ProviderFactory$ProviderProxy.invoke(ProviderFactory.java:165)
at org.apache.maven.surefire.booter.ProviderFactory.invokeProvider(ProviderFactory.java:85)
at org.apache.maven.surefire.booter.ForkedBooter.runSuitesInProcess(ForkedBooter.java:115)
at org.apache.maven.surefire.booter.ForkedBooter.main(ForkedBooter.java:75)
]]>
            </full-stacktrace>
          </exception> <!-- org.testng.TestNGException -->
          <reporter-output>
          </reporter-output>
        </test-method> <!-- checkpropertiesfile -->
        <test-method status="PASS" signature="firtsample()[pri:0, instance:lenkart.lenskart.Testngsample@47f6473]" name="firtsample" duration-ms="1158" started-at="2018-12-31T18:17:35Z" finished-at="2018-12-31T18:17:36Z">
          <reporter-output>
          </reporter-output>
        </test-method> <!-- firtsample -->
        <test-method status="PASS" signature="beforemethod()[pri:0, instance:lenkart.lenskart.Testngsample@47f6473]" name="beforemethod" is-config="true" duration-ms="0" started-at="2018-12-31T18:17:35Z" finished-at="2018-12-31T18:17:35Z">
          <reporter-output>
          </reporter-output>
        </test-method> <!-- beforemethod -->
        <test-method status="PASS" signature="beforemethod()[pri:0, instance:lenkart.lenskart.Testngsample@47f6473]" name="beforemethod" is-config="true" duration-ms="1" started-at="2018-12-31T18:17:36Z" finished-at="2018-12-31T18:17:36Z">
          <reporter-output>
          </reporter-output>
        </test-method> <!-- beforemethod -->
        <test-method status="PASS" signature="beforemethod()[pri:0, instance:lenkart.lenskart.Testngsample@47f6473]" name="beforemethod" is-config="true" duration-ms="0" started-at="2018-12-31T18:17:36Z" finished-at="2018-12-31T18:17:36Z">
          <reporter-output>
          </reporter-output>
        </test-method> <!-- beforemethod -->
        <test-method status="PASS" signature="functionaltest()[pri:0, instance:lenkart.lenskart.Testngsample@47f6473]" name="functionaltest" duration-ms="0" started-at="2018-12-31T18:17:36Z" finished-at="2018-12-31T18:17:36Z">
          <reporter-output>
          </reporter-output>
        </test-method> <!-- functionaltest -->
        <test-method status="PASS" signature="secondsample()[pri:0, instance:lenkart.lenskart.Testngsample@47f6473]" name="secondsample" duration-ms="290" started-at="2018-12-31T18:17:36Z" finished-at="2018-12-31T18:17:37Z">
          <reporter-output>
          </reporter-output>
        </test-method> <!-- secondsample -->
        <test-method status="PASS" signature="aftertest()[pri:0, instance:lenkart.lenskart.Testngsample@47f6473]" name="aftertest" is-config="true" duration-ms="0" started-at="2018-12-31T18:17:42Z" finished-at="2018-12-31T18:17:42Z">
          <reporter-output>
          </reporter-output>
        </test-method> <!-- aftertest -->
      </class> <!-- lenkart.lenskart.Testngsample -->
    </test> <!-- Command line test -->
  </suite> <!-- Command line suite -->
</testng-results>
