<?xml version="1.0" encoding="UTF-8"?>
<testng-results skipped="0" failed="1" ignored="0" total="6" passed="5">
  <reporter-output>
  </reporter-output>
  <suite name="Default suite" duration-ms="1150" started-at="2018-12-31T16:25:04Z" finished-at="2018-12-31T16:25:05Z">
    <groups>
      <group name="checkintest">
        <method signature="Testngsample.checkintest()[pri:0, instance:lenkart.lenskart.Testngsample@1e88b3c]" name="checkintest" class="lenkart.lenskart.Testngsample"/>
      </group> <!-- checkintest -->
      <group name="functest">
        <method signature="Testngsample.functionaltest()[pri:0, instance:lenkart.lenskart.Testngsample@1e88b3c]" name="functionaltest" class="lenkart.lenskart.Testngsample"/>
      </group> <!-- functest -->
    </groups>
    <test name="Default test" duration-ms="1150" started-at="2018-12-31T16:25:04Z" finished-at="2018-12-31T16:25:05Z">
      <class name="lenkart.lenskart.Testngsample">
        <test-method status="PASS" signature="printtestdetails()[pri:0, instance:lenkart.lenskart.Testngsample@1e88b3c]" name="printtestdetails" is-config="true" duration-ms="9" started-at="2018-12-31T16:25:04Z" finished-at="2018-12-31T16:25:04Z">
          <reporter-output>
          </reporter-output>
        </test-method> <!-- printtestdetails -->
        <test-method status="PASS" signature="beforetest()[pri:0, instance:lenkart.lenskart.Testngsample@1e88b3c]" name="beforetest" is-config="true" duration-ms="0" started-at="2018-12-31T16:25:04Z" finished-at="2018-12-31T16:25:04Z">
          <reporter-output>
          </reporter-output>
        </test-method> <!-- beforetest -->
        <test-method status="PASS" signature="readingfrompropertiesfile()[pri:0, instance:lenkart.lenskart.Testngsample@1e88b3c]" name="readingfrompropertiesfile" is-config="true" duration-ms="1" started-at="2018-12-31T16:25:04Z" finished-at="2018-12-31T16:25:04Z">
          <reporter-output>
          </reporter-output>
        </test-method> <!-- readingfrompropertiesfile -->
        <test-method status="PASS" signature="beforemethod()[pri:0, instance:lenkart.lenskart.Testngsample@1e88b3c]" name="beforemethod" is-config="true" duration-ms="0" started-at="2018-12-31T16:25:04Z" finished-at="2018-12-31T16:25:04Z">
          <reporter-output>
          </reporter-output>
        </test-method> <!-- beforemethod -->
        <test-method status="PASS" signature="add(int, int)[pri:0, instance:lenkart.lenskart.Testngsample@1e88b3c]" name="add" duration-ms="6" started-at="2018-12-31T16:25:04Z" data-provider="valuestoadd" finished-at="2018-12-31T16:25:04Z">
          <params>
            <param index="0">
              <value>
                <![CDATA[1]]>
              </value>
            </param>
            <param index="1">
              <value>
                <![CDATA[2]]>
              </value>
            </param>
          </params>
          <reporter-output>
          </reporter-output>
        </test-method> <!-- add -->
        <test-method status="PASS" signature="beforemethod()[pri:0, instance:lenkart.lenskart.Testngsample@1e88b3c]" name="beforemethod" is-config="true" duration-ms="0" started-at="2018-12-31T16:25:04Z" finished-at="2018-12-31T16:25:04Z">
          <reporter-output>
          </reporter-output>
        </test-method> <!-- beforemethod -->
        <test-method status="PASS" signature="checkintest()[pri:0, instance:lenkart.lenskart.Testngsample@1e88b3c]" name="checkintest" duration-ms="2" started-at="2018-12-31T16:25:04Z" finished-at="2018-12-31T16:25:04Z">
          <reporter-output>
          </reporter-output>
        </test-method> <!-- checkintest -->
        <test-method status="FAIL" signature="checkpropertiesfile(java.lang.String)[pri:0, instance:lenkart.lenskart.Testngsample@1e88b3c]" name="checkpropertiesfile" duration-ms="0" started-at="2018-12-31T16:25:04Z" finished-at="2018-12-31T16:25:04Z">
          <exception class="org.testng.TestNGException">
            <message>
              <![CDATA[
Parameter 'name' is required by @Test on method checkpropertiesfile but has not been marked @Optional or defined
in /private/var/folders/6c/p5dspxjx7f94hv04cyhf8mj40000gn/T/testng-eclipse-449794331/testng-customsuite.xml]]>
            </message>
            <full-stacktrace>
              <![CDATA[org.testng.TestNGException: 
Parameter 'name' is required by @Test on method checkpropertiesfile but has not been marked @Optional or defined
in /private/var/folders/6c/p5dspxjx7f94hv04cyhf8mj40000gn/T/testng-eclipse-449794331/testng-customsuite.xml
at org.testng.internal.Parameters.createParams(Parameters.java:290)
at org.testng.internal.Parameters.createParametersForMethod(Parameters.java:359)
at org.testng.internal.Parameters.createParameters(Parameters.java:620)
at org.testng.internal.Parameters.handleParameters(Parameters.java:769)
at org.testng.internal.ParameterHandler.handleParameters(ParameterHandler.java:49)
at org.testng.internal.ParameterHandler.createParameters(ParameterHandler.java:37)
at org.testng.internal.Invoker.invokeTestMethods(Invoker.java:924)
at org.testng.internal.TestMethodWorker.invokeTestMethods(TestMethodWorker.java:125)
at org.testng.internal.TestMethodWorker.run(TestMethodWorker.java:109)
at org.testng.TestRunner.privateRun(TestRunner.java:648)
at org.testng.TestRunner.run(TestRunner.java:505)
at org.testng.SuiteRunner.runTest(SuiteRunner.java:455)
at org.testng.SuiteRunner.runSequentially(SuiteRunner.java:450)
at org.testng.SuiteRunner.privateRun(SuiteRunner.java:415)
at org.testng.SuiteRunner.run(SuiteRunner.java:364)
at org.testng.SuiteRunnerWorker.runSuite(SuiteRunnerWorker.java:52)
at org.testng.SuiteRunnerWorker.run(SuiteRunnerWorker.java:84)
at org.testng.TestNG.runSuitesSequentially(TestNG.java:1208)
at org.testng.TestNG.runSuitesLocally(TestNG.java:1137)
at org.testng.TestNG.runSuites(TestNG.java:1049)
at org.testng.TestNG.run(TestNG.java:1017)
at org.testng.remote.AbstractRemoteTestNG.run(AbstractRemoteTestNG.java:132)
at org.testng.remote.RemoteTestNG.initAndRun(RemoteTestNG.java:230)
at org.testng.remote.RemoteTestNG.main(RemoteTestNG.java:76)
]]>
            </full-stacktrace>
          </exception> <!-- org.testng.TestNGException -->
          <reporter-output>
          </reporter-output>
        </test-method> <!-- checkpropertiesfile -->
        <test-method status="PASS" signature="beforemethod()[pri:0, instance:lenkart.lenskart.Testngsample@1e88b3c]" name="beforemethod" is-config="true" duration-ms="0" started-at="2018-12-31T16:25:04Z" finished-at="2018-12-31T16:25:04Z">
          <reporter-output>
          </reporter-output>
        </test-method> <!-- beforemethod -->
        <test-method status="PASS" signature="firtsample()[pri:0, instance:lenkart.lenskart.Testngsample@1e88b3c]" name="firtsample" duration-ms="797" started-at="2018-12-31T16:25:04Z" finished-at="2018-12-31T16:25:05Z">
          <reporter-output>
          </reporter-output>
        </test-method> <!-- firtsample -->
        <test-method status="PASS" signature="beforemethod()[pri:0, instance:lenkart.lenskart.Testngsample@1e88b3c]" name="beforemethod" is-config="true" duration-ms="0" started-at="2018-12-31T16:25:05Z" finished-at="2018-12-31T16:25:05Z">
          <reporter-output>
          </reporter-output>
        </test-method> <!-- beforemethod -->
        <test-method status="PASS" signature="functionaltest()[pri:0, instance:lenkart.lenskart.Testngsample@1e88b3c]" name="functionaltest" duration-ms="1" started-at="2018-12-31T16:25:05Z" finished-at="2018-12-31T16:25:05Z">
          <reporter-output>
          </reporter-output>
        </test-method> <!-- functionaltest -->
        <test-method status="PASS" signature="beforemethod()[pri:0, instance:lenkart.lenskart.Testngsample@1e88b3c]" name="beforemethod" is-config="true" duration-ms="0" started-at="2018-12-31T16:25:05Z" finished-at="2018-12-31T16:25:05Z">
          <reporter-output>
          </reporter-output>
        </test-method> <!-- beforemethod -->
        <test-method status="PASS" signature="secondsample()[pri:0, instance:lenkart.lenskart.Testngsample@1e88b3c]" name="secondsample" duration-ms="315" started-at="2018-12-31T16:25:05Z" finished-at="2018-12-31T16:25:05Z">
          <reporter-output>
          </reporter-output>
        </test-method> <!-- secondsample -->
        <test-method status="PASS" signature="aftertest()[pri:0, instance:lenkart.lenskart.Testngsample@1e88b3c]" name="aftertest" is-config="true" duration-ms="0" started-at="2018-12-31T16:25:10Z" finished-at="2018-12-31T16:25:10Z">
          <reporter-output>
          </reporter-output>
        </test-method> <!-- aftertest -->
      </class> <!-- lenkart.lenskart.Testngsample -->
    </test> <!-- Default test -->
  </suite> <!-- Default suite -->
</testng-results>
